2025-04-01 02:46:57,218 - INFO - Acceso a / con departamento: Marketing
2025-04-01 02:46:59,973 - INFO - Acceso a / con departamento: Recursos Humanos
2025-04-01 02:47:15,503 - INFO - Acceso a API /api/datos con parámetros: None
2025-04-01 02:49:47,826 - INFO - Acceso a API /api/datos con parámetros: None
2025-04-01 02:49:49,484 - INFO - Acceso a API /api/datos con parámetros: None
2025-04-01 02:49:49,907 - INFO - Acceso a API /api/datos con parámetros: None
2025-04-01 02:49:50,124 - INFO - Acceso a API /api/datos con parámetros: None
2025-04-01 02:49:50,368 - INFO - Acceso a API /api/datos con parámetros: None
2025-04-01 02:49:50,558 - INFO - Acceso a API /api/datos con parámetros: None
2025-04-01 02:49:50,741 - INFO - Acceso a API /api/datos con parámetros: None
2025-04-01 02:49:55,829 - INFO - Acceso a / con departamento: Finanzas
2025-04-01 02:51:10,973 - INFO - Acceso a / con departamento: Finanzas
2025-04-01 02:51:12,066 - INFO - Acceso a / con departamento: Finanzas
2025-04-01 02:51:14,569 - INFO - Acceso a / con departamento: Marketing
2025-04-01 02:51:17,716 - INFO - Acceso a / con departamento: Ventas
2025-04-01 02:59:04,356 - INFO - Acceso a / con departamento: Ventas
2025-04-01 02:59:06,586 - INFO - Acceso a / con departamento: Marketing
2025-04-01 02:59:08,153 - INFO - Acceso a / con departamento: Finanzas
2025-04-01 03:02:11,970 - INFO - Acceso a / con departamento: Finanzas
2025-04-01 09:19:19,288 - INFO - Acceso a / con departamento: Ventas
2025-04-01 09:19:24,516 - INFO - Acceso a / con departamento: Marketing
